<?xml version="1.0" encoding="UTF-8"?>
<!-- Generated by org.testng.reporters.JUnitXMLReporter -->
<testsuite ignored="0" hostname="LAP-SG-10109" failures="1" tests="4" name="Homeloan" time="0.116" errors="0" timestamp="2023-07-25T15:55:49 IST">
  <testcase classname="test.day4" name="Atest" time="0.013"/>
  <testcase classname="test.day4" name="Btest" time="0.008"/>
  <testcase classname="test.day4" name="Demo" time="0.0">
    <failure type="org.testng.TestNGException" message="
Parameter &amp;apos;URL&amp;apos; is required by @Test on method Demo but has not been marked @Optional or defined
in D:\PROJECTS\Testngtutorial\testng.xml">
      <![CDATA[org.testng.TestNGException: 
Parameter 'URL' is required by @Test on method Demo but has not been marked @Optional or defined
in D:\PROJECTS\Testngtutorial\testng.xml
at java.base/java.util.ArrayList.forEach(ArrayList.java:1511)
at java.base/java.util.concurrent.FutureTask.run(FutureTask.java:317)
at java.base/java.util.concurrent.ThreadPoolExecutor.runWorker(ThreadPoolExecutor.java:1144)
at java.base/java.util.concurrent.ThreadPoolExecutor$Worker.run(ThreadPoolExecutor.java:642)
at java.base/java.lang.Thread.run(Thread.java:1623)
... Removed 16 stack frames]]>
    </failure>
  </testcase> <!-- Demo -->
  <testcase classname="test.day4" name="secondtestcase" time="0.001"/>
</testsuite> <!-- Homeloan -->
